<?xml version="1.0" encoding="UTF-8"?>
<coverage generated="1702589941811" clover="3.2.0">
  <project timestamp="1702589941812" name="All files">
    <metrics statements="16" coveredstatements="16" conditionals="0" coveredconditionals="0" methods="11" coveredmethods="11" elements="27" coveredelements="27" complexity="0" loc="16" ncloc="16" packages="1" files="3" classes="3"/>
    <file name="app.js" path="/Users/anton/Desktop/netology/homework/Promises/src/js/app.js">
      <metrics statements="4" coveredstatements="4" conditionals="0" coveredconditionals="0" methods="4" coveredmethods="4"/>
      <line num="7" count="5" type="stmt"/>
      <line num="8" count="4" type="stmt"/>
      <line num="9" count="3" type="stmt"/>
      <line num="10" count="1" type="stmt"/>
    </file>
    <file name="parser.js" path="/Users/anton/Desktop/netology/homework/Promises/src/js/parser.js">
      <metrics statements="3" coveredstatements="3" conditionals="0" coveredconditionals="0" methods="3" coveredmethods="3"/>
      <line num="2" count="1" type="stmt"/>
      <line num="4" count="1" type="stmt"/>
      <line num="5" count="1" type="stmt"/>
    </file>
    <file name="reader.js" path="/Users/anton/Desktop/netology/homework/Promises/src/js/reader.js">
      <metrics statements="9" coveredstatements="9" conditionals="0" coveredconditionals="0" methods="4" coveredmethods="4"/>
      <line num="2" count="1" type="stmt"/>
      <line num="4" count="1" type="stmt"/>
      <line num="5" count="1" type="stmt"/>
      <line num="6" count="1" type="stmt"/>
      <line num="7" count="1" type="stmt"/>
      <line num="8" count="1" type="stmt"/>
      <line num="9" count="1" type="stmt"/>
      <line num="10" count="90" type="stmt"/>
      <line num="12" count="1" type="stmt"/>
    </file>
  </project>
</coverage>
