{"/Users/anton/Desktop/netology/homework/Promises/src/js/app.js": {"path":"/Users/anton/Desktop/netology/homework/Promises/src/js/app.js","statementMap":{"0":{"start":{"line":7,"column":4},"end":{"line":10,"column":38}},"1":{"start":{"line":8,"column":20},"end":{"line":8,"column":30}},"2":{"start":{"line":9,"column":24},"end":{"line":9,"column":44}},"3":{"start":{"line":10,"column":26},"end":{"line":10,"column":36}}},"fnMap":{"0":{"name":"(anonymous_0)","decl":{"start":{"line":6,"column":2},"end":{"line":6,"column":3}},"loc":{"start":{"line":6,"column":16},"end":{"line":11,"column":3}},"line":6},"1":{"name":"(anonymous_1)","decl":{"start":{"line":8,"column":12},"end":{"line":8,"column":13}},"loc":{"start":{"line":8,"column":20},"end":{"line":8,"column":30}},"line":8},"2":{"name":"(anonymous_2)","decl":{"start":{"line":9,"column":12},"end":{"line":9,"column":13}},"loc":{"start":{"line":9,"column":24},"end":{"line":9,"column":44}},"line":9},"3":{"name":"(anonymous_3)","decl":{"start":{"line":10,"column":12},"end":{"line":10,"column":13}},"loc":{"start":{"line":10,"column":26},"end":{"line":10,"column":36}},"line":10}},"branchMap":{},"s":{"0":5,"1":4,"2":3,"3":1},"f":{"0":5,"1":4,"2":3,"3":1},"b":{},"_coverageSchema":"1a1c01bbd47fc00a2c39e90264f33305004495a9","hash":"a2653d572494b58139a274cf07ec14c9f834214e"}
,"/Users/anton/Desktop/netology/homework/Promises/src/js/parser.js": {"path":"/Users/anton/Desktop/netology/homework/Promises/src/js/parser.js","statementMap":{"0":{"start":{"line":2,"column":4},"end":{"line":7,"column":7}},"1":{"start":{"line":4,"column":6},"end":{"line":6,"column":14}},"2":{"start":{"line":5,"column":8},"end":{"line":5,"column":72}}},"fnMap":{"0":{"name":"json","decl":{"start":{"line":1,"column":24},"end":{"line":1,"column":28}},"loc":{"start":{"line":1,"column":35},"end":{"line":8,"column":3}},"line":1},"1":{"name":"(anonymous_1)","decl":{"start":{"line":2,"column":23},"end":{"line":2,"column":24}},"loc":{"start":{"line":2,"column":44},"end":{"line":7,"column":5}},"line":2},"2":{"name":"(anonymous_2)","decl":{"start":{"line":4,"column":17},"end":{"line":4,"column":18}},"loc":{"start":{"line":4,"column":23},"end":{"line":6,"column":7}},"line":4}},"branchMap":{},"s":{"0":1,"1":1,"2":1},"f":{"0":1,"1":1,"2":1},"b":{},"_coverageSchema":"1a1c01bbd47fc00a2c39e90264f33305004495a9","hash":"9b1ae225191e375e7a90adb90cdc853bf5eb40d7"}
,"/Users/anton/Desktop/netology/homework/Promises/src/js/reader.js": {"path":"/Users/anton/Desktop/netology/homework/Promises/src/js/reader.js","statementMap":{"0":{"start":{"line":2,"column":4},"end":{"line":15,"column":7}},"1":{"start":{"line":4,"column":6},"end":{"line":14,"column":15}},"2":{"start":{"line":5,"column":21},"end":{"line":5,"column":113}},"3":{"start":{"line":6,"column":8},"end":{"line":13,"column":17}},"4":{"start":{"line":7,"column":25},"end":{"line":7,"column":58}},"5":{"start":{"line":8,"column":29},"end":{"line":8,"column":52}},"6":{"start":{"line":9,"column":10},"end":{"line":11,"column":11}},"7":{"start":{"line":9,"column":23},"end":{"line":9,"column":24}},"8":{"start":{"line":10,"column":12},"end":{"line":10,"column":48}},"9":{"start":{"line":12,"column":10},"end":{"line":12,"column":26}}},"fnMap":{"0":{"name":"read","decl":{"start":{"line":1,"column":24},"end":{"line":1,"column":28}},"loc":{"start":{"line":1,"column":31},"end":{"line":16,"column":3}},"line":1},"1":{"name":"(anonymous_1)","decl":{"start":{"line":2,"column":23},"end":{"line":2,"column":24}},"loc":{"start":{"line":2,"column":44},"end":{"line":15,"column":5}},"line":2},"2":{"name":"(anonymous_2)","decl":{"start":{"line":4,"column":17},"end":{"line":4,"column":18}},"loc":{"start":{"line":4,"column":23},"end":{"line":14,"column":7}},"line":4},"3":{"name":"(anonymous_3)","decl":{"start":{"line":6,"column":16},"end":{"line":6,"column":17}},"loc":{"start":{"line":6,"column":25},"end":{"line":13,"column":9}},"line":6}},"branchMap":{},"s":{"0":1,"1":1,"2":1,"3":1,"4":1,"5":1,"6":1,"7":1,"8":90,"9":1},"f":{"0":1,"1":1,"2":1,"3":1},"b":{},"_coverageSchema":"1a1c01bbd47fc00a2c39e90264f33305004495a9","hash":"dca2c6ab1bfc8b5041c99bffcb975fc7549ee659"}
}
